[icc2-lic Sun Apr  5 16:34:55 2026] Command 'report_qor' requires licenses
[icc2-lic Sun Apr  5 16:34:55 2026] Attempting to check-out alternate set of keys directly with queueing
[icc2-lic Sun Apr  5 16:34:55 2026] Sending count request for 'ICCompilerII-8' 
[icc2-lic Sun Apr  5 16:34:55 2026] Count request for 'ICCompilerII-8' returned 1 
[icc2-lic Sun Apr  5 16:34:55 2026] Sending check-out request for 'ICCompilerII-8' (1) with wait option
[icc2-lic Sun Apr  5 16:34:55 2026] Check-out request for 'ICCompilerII-8' with wait option succeeded
[icc2-lic Sun Apr  5 16:34:55 2026] Sending checkout check request for 'ICCompilerII-8' 
[icc2-lic Sun Apr  5 16:34:55 2026] Checkout check request for 'ICCompilerII-8' returned 0 
[icc2-lic Sun Apr  5 16:34:55 2026] Sending count request for 'ICCompilerII-8' 
[icc2-lic Sun Apr  5 16:34:55 2026] Count request for 'ICCompilerII-8' returned 1 
[icc2-lic Sun Apr  5 16:34:55 2026] Sending count request for 'ICCompilerII-NX' 
[icc2-lic Sun Apr  5 16:34:55 2026] Count request for 'ICCompilerII-NX' returned 1 
[icc2-lic Sun Apr  5 16:34:55 2026] Sending check-out request for 'ICCompilerII-NX' (1) with wait option
[icc2-lic Sun Apr  5 16:34:56 2026] Check-out request for 'ICCompilerII-NX' with wait option succeeded
[icc2-lic Sun Apr  5 16:34:56 2026] Sending checkout check request for 'ICCompilerII-NX' 
[icc2-lic Sun Apr  5 16:34:56 2026] Checkout check request for 'ICCompilerII-NX' returned 0 
[icc2-lic Sun Apr  5 16:34:56 2026] Sending count request for 'ICCompilerII-NX' 
[icc2-lic Sun Apr  5 16:34:56 2026] Count request for 'ICCompilerII-NX' returned 1 
[icc2-lic Sun Apr  5 16:34:56 2026] Check-out of alternate set of keys directly with queueing was successful
****************************************
Report : qor
Design : power_of_four_rtl
Version: W-2024.09
Date   : Sun Apr  5 16:34:56 2026
****************************************


Scenario           'func::nom'
Timing Path Group  '**reg2out_default**'
----------------------------------------
Levels of Logic:                      0
Critical Path Length:              0.09
Critical Path Slack:               7.71
Critical Path Clk Period:         10.00
Total Negative Slack:              0.00
No. of Violating Paths:               0
Worst Hold Violation:              0.00
Total Hold Violation:              0.00
No. of Hold Violations:               0
----------------------------------------

Scenario           'func::nom'
Timing Path Group  'clk'
----------------------------------------
Levels of Logic:                      1
Critical Path Length:              0.36
Critical Path Slack:               9.30
Critical Path Clk Period:         10.00
Total Negative Slack:              0.00
No. of Violating Paths:               0
Worst Hold Violation:              0.00
Total Hold Violation:              0.00
No. of Hold Violations:               0
----------------------------------------


Cell Count
----------------------------------------
Hierarchical Cell Count:              0
Hierarchical Port Count:              0
Leaf Cell Count:                      9
Buf/Inv Cell Count:                   3
Buf Cell Count:                       3
Inv Cell Count:                       0
Combinational Cell Count:             3
   Single-bit Isolation Cell Count:                        0
   Multi-bit Isolation Cell Count:                         0
   Isolation Cell Banking Ratio:                           0.00%
   Single-bit Level Shifter Cell Count:                    0
   Multi-bit Level Shifter Cell Count:                     0
   Level Shifter Cell Banking Ratio:                       0.00%
   Single-bit ELS Cell Count:                              0
   Multi-bit ELS Cell Count:                               0
   ELS Cell Banking Ratio:                                 0.00%
Sequential Cell Count:                6
   Integrated Clock-Gating Cell Count:                     0
   Sequential Macro Cell Count:                            0
   Single-bit Sequential Cell Count:                       6
   Multi-bit Sequential Cell Count:                        0
   Sequential Cell Banking Ratio:                          0.00%
   BitsPerflop:                                            1.00
Macro Count:                          0
----------------------------------------


Area
----------------------------------------
Combinational Area:               25.92
Noncombinational Area:            41.68
Buf/Inv Area:                     25.92
Total Buffer Area:                25.92
Total Inverter Area:               0.00
Macro/Black Box Area:              0.00
Net Area:                             0
Net XLength:                     200.42
Net YLength:                      76.91
----------------------------------------
Cell Area (netlist):                             67.60
Cell Area (netlist and physical only):           67.60
Net Length:                      277.33


Design Rules
----------------------------------------
Total Number of Nets:                15
Nets with Violations:                 0
Max Trans Violations:                 0
Max Cap Violations:                   0
----------------------------------------

1
