[icc2-lic Sun Apr  5 16:18:09 2026] Command 'report_timing' requires licenses
[icc2-lic Sun Apr  5 16:18:09 2026] Attempting to check-out alternate set of keys directly with queueing
[icc2-lic Sun Apr  5 16:18:09 2026] Sending count request for 'ICCompilerII-8' 
[icc2-lic Sun Apr  5 16:18:09 2026] Count request for 'ICCompilerII-8' returned 1 
[icc2-lic Sun Apr  5 16:18:09 2026] Sending check-out request for 'ICCompilerII-8' (1) with wait option
[icc2-lic Sun Apr  5 16:18:09 2026] Check-out request for 'ICCompilerII-8' with wait option succeeded
[icc2-lic Sun Apr  5 16:18:09 2026] Sending checkout check request for 'ICCompilerII-8' 
[icc2-lic Sun Apr  5 16:18:09 2026] Checkout check request for 'ICCompilerII-8' returned 0 
[icc2-lic Sun Apr  5 16:18:09 2026] Sending count request for 'ICCompilerII-8' 
[icc2-lic Sun Apr  5 16:18:09 2026] Count request for 'ICCompilerII-8' returned 1 
[icc2-lic Sun Apr  5 16:18:09 2026] Sending count request for 'ICCompilerII-NX' 
[icc2-lic Sun Apr  5 16:18:09 2026] Count request for 'ICCompilerII-NX' returned 1 
[icc2-lic Sun Apr  5 16:18:09 2026] Sending check-out request for 'ICCompilerII-NX' (1) with wait option
[icc2-lic Sun Apr  5 16:18:09 2026] Check-out request for 'ICCompilerII-NX' with wait option succeeded
[icc2-lic Sun Apr  5 16:18:09 2026] Sending checkout check request for 'ICCompilerII-NX' 
[icc2-lic Sun Apr  5 16:18:09 2026] Checkout check request for 'ICCompilerII-NX' returned 0 
[icc2-lic Sun Apr  5 16:18:09 2026] Sending count request for 'ICCompilerII-NX' 
[icc2-lic Sun Apr  5 16:18:09 2026] Count request for 'ICCompilerII-NX' returned 1 
[icc2-lic Sun Apr  5 16:18:09 2026] Check-out of alternate set of keys directly with queueing was successful
****************************************
Report : timing
        -path_type full
        -delay_type max
        -max_paths 10
        -report_by design
Design : power_of_four_rtl
Version: W-2024.09
Date   : Sun Apr  5 16:18:09 2026
****************************************

  Startpoint: y_reg[6] (rising edge-triggered flip-flop clocked by clk)
  Endpoint: y[6] (output port clocked by clk)
  Mode: func
  Corner: nom
  Scenario: func::nom
  Path Group: **reg2out_default**
  Path Type: max

  Point                                            Incr      Path  
  ------------------------------------------------------------------------
  clock clk (rise edge)                            0.00      0.00
  clock network delay (ideal)                      0.00      0.00

  y_reg[6]/CLK (DFFSSRX1_RVT)                      0.00      0.00 r
  y_reg[6]/Q (DFFSSRX1_RVT)                        0.10      0.10 f
  y[6] (out)                                       0.00      0.10 f
  data arrival time                                          0.10

  clock clk (rise edge)                           10.00     10.00
  clock network delay (ideal)                      0.00     10.00
  clock uncertainty                               -0.20      9.80
  output external delay                           -2.00      7.80
  data required time                                         7.80
  ------------------------------------------------------------------------
  data required time                                         7.80
  data arrival time                                         -0.10
  ------------------------------------------------------------------------
  slack (MET)                                                7.70



  Startpoint: y_reg[2] (rising edge-triggered flip-flop clocked by clk)
  Endpoint: y[2] (output port clocked by clk)
  Mode: func
  Corner: nom
  Scenario: func::nom
  Path Group: **reg2out_default**
  Path Type: max

  Point                                            Incr      Path  
  ------------------------------------------------------------------------
  clock clk (rise edge)                            0.00      0.00
  clock network delay (ideal)                      0.00      0.00

  y_reg[2]/CLK (DFFSSRX1_RVT)                      0.00      0.00 r
  y_reg[2]/Q (DFFSSRX1_RVT)                        0.10      0.10 f
  y[2] (out)                                       0.00      0.10 f
  data arrival time                                          0.10

  clock clk (rise edge)                           10.00     10.00
  clock network delay (ideal)                      0.00     10.00
  clock uncertainty                               -0.20      9.80
  output external delay                           -2.00      7.80
  data required time                                         7.80
  ------------------------------------------------------------------------
  data required time                                         7.80
  data arrival time                                         -0.10
  ------------------------------------------------------------------------
  slack (MET)                                                7.70



  Startpoint: y_reg[0] (rising edge-triggered flip-flop clocked by clk)
  Endpoint: y[0] (output port clocked by clk)
  Mode: func
  Corner: nom
  Scenario: func::nom
  Path Group: **reg2out_default**
  Path Type: max

  Point                                            Incr      Path  
  ------------------------------------------------------------------------
  clock clk (rise edge)                            0.00      0.00
  clock network delay (ideal)                      0.00      0.00

  y_reg[0]/CLK (DFFSSRX1_RVT)                      0.00      0.00 r
  y_reg[0]/Q (DFFSSRX1_RVT)                        0.10      0.10 f
  y[0] (out)                                       0.00      0.10 f
  data arrival time                                          0.10

  clock clk (rise edge)                           10.00     10.00
  clock network delay (ideal)                      0.00     10.00
  clock uncertainty                               -0.20      9.80
  output external delay                           -2.00      7.80
  data required time                                         7.80
  ------------------------------------------------------------------------
  data required time                                         7.80
  data arrival time                                         -0.10
  ------------------------------------------------------------------------
  slack (MET)                                                7.70



  Startpoint: y_reg[4] (rising edge-triggered flip-flop clocked by clk)
  Endpoint: y[4] (output port clocked by clk)
  Mode: func
  Corner: nom
  Scenario: func::nom
  Path Group: **reg2out_default**
  Path Type: max

  Point                                            Incr      Path  
  ------------------------------------------------------------------------
  clock clk (rise edge)                            0.00      0.00
  clock network delay (ideal)                      0.00      0.00

  y_reg[4]/CLK (DFFSSRX1_RVT)                      0.00      0.00 r
  y_reg[4]/Q (DFFSSRX1_RVT)                        0.10      0.10 f
  y[4] (out)                                       0.00      0.10 f
  data arrival time                                          0.10

  clock clk (rise edge)                           10.00     10.00
  clock network delay (ideal)                      0.00     10.00
  clock uncertainty                               -0.20      9.80
  output external delay                           -2.00      7.80
  data required time                                         7.80
  ------------------------------------------------------------------------
  data required time                                         7.80
  data arrival time                                         -0.10
  ------------------------------------------------------------------------
  slack (MET)                                                7.70



  Startpoint: x_reg_reg[1] (rising edge-triggered flip-flop clocked by clk)
  Endpoint: y_reg[0] (rising edge-triggered flip-flop clocked by clk)
  Mode: func
  Corner: nom
  Scenario: func::nom
  Path Group: clk
  Path Type: max

  Point                                            Incr      Path  
  ------------------------------------------------------------------------
  clock clk (rise edge)                            0.00      0.00
  clock network delay (ideal)                      0.00      0.00

  x_reg_reg[1]/CLK (DFFX1_RVT)                     0.00      0.00 r
  x_reg_reg[1]/Q (DFFX1_RVT)                       0.10      0.10 f
  y_reg[0]/SETB (DFFSSRX1_RVT)                     0.00      0.10 f
  data arrival time                                          0.10

  clock clk (rise edge)                           10.00     10.00
  clock network delay (ideal)                      0.00     10.00
  y_reg[0]/CLK (DFFSSRX1_RVT)                      0.00     10.00 r
  clock uncertainty                               -0.20      9.80
  library setup time                              -0.11      9.69
  data required time                                         9.69
  ------------------------------------------------------------------------
  data required time                                         9.69
  data arrival time                                         -0.10
  ------------------------------------------------------------------------
  slack (MET)                                                9.58



  Startpoint: x_reg_reg[1] (rising edge-triggered flip-flop clocked by clk)
  Endpoint: y_reg[2] (rising edge-triggered flip-flop clocked by clk)
  Mode: func
  Corner: nom
  Scenario: func::nom
  Path Group: clk
  Path Type: max

  Point                                            Incr      Path  
  ------------------------------------------------------------------------
  clock clk (rise edge)                            0.00      0.00
  clock network delay (ideal)                      0.00      0.00

  x_reg_reg[1]/CLK (DFFX1_RVT)                     0.00      0.00 r
  x_reg_reg[1]/Q (DFFX1_RVT)                       0.10      0.10 f
  y_reg[2]/SETB (DFFSSRX1_RVT)                     0.00      0.10 f
  data arrival time                                          0.10

  clock clk (rise edge)                           10.00     10.00
  clock network delay (ideal)                      0.00     10.00
  y_reg[2]/CLK (DFFSSRX1_RVT)                      0.00     10.00 r
  clock uncertainty                               -0.20      9.80
  library setup time                              -0.11      9.69
  data required time                                         9.69
  ------------------------------------------------------------------------
  data required time                                         9.69
  data arrival time                                         -0.10
  ------------------------------------------------------------------------
  slack (MET)                                                9.58



  Startpoint: x_reg_reg[0] (rising edge-triggered flip-flop clocked by clk)
  Endpoint: y_reg[4] (rising edge-triggered flip-flop clocked by clk)
  Mode: func
  Corner: nom
  Scenario: func::nom
  Path Group: clk
  Path Type: max

  Point                                            Incr      Path  
  ------------------------------------------------------------------------
  clock clk (rise edge)                            0.00      0.00
  clock network delay (ideal)                      0.00      0.00

  x_reg_reg[0]/CLK (DFFX1_RVT)                     0.00      0.00 r
  x_reg_reg[0]/Q (DFFX1_RVT)                       0.10      0.10 f
  y_reg[4]/SETB (DFFSSRX1_RVT)                     0.00      0.10 f
  data arrival time                                          0.10

  clock clk (rise edge)                           10.00     10.00
  clock network delay (ideal)                      0.00     10.00
  y_reg[4]/CLK (DFFSSRX1_RVT)                      0.00     10.00 r
  clock uncertainty                               -0.20      9.80
  library setup time                              -0.11      9.69
  data required time                                         9.69
  ------------------------------------------------------------------------
  data required time                                         9.69
  data arrival time                                         -0.10
  ------------------------------------------------------------------------
  slack (MET)                                                9.59



  Startpoint: x_reg_reg[0] (rising edge-triggered flip-flop clocked by clk)
  Endpoint: y_reg[6] (rising edge-triggered flip-flop clocked by clk)
  Mode: func
  Corner: nom
  Scenario: func::nom
  Path Group: clk
  Path Type: max

  Point                                            Incr      Path  
  ------------------------------------------------------------------------
  clock clk (rise edge)                            0.00      0.00
  clock network delay (ideal)                      0.00      0.00

  x_reg_reg[0]/CLK (DFFX1_RVT)                     0.00      0.00 r
  x_reg_reg[0]/Q (DFFX1_RVT)                       0.10      0.10 f
  y_reg[6]/D (DFFSSRX1_RVT)                        0.00      0.10 f
  data arrival time                                          0.10

  clock clk (rise edge)                           10.00     10.00
  clock network delay (ideal)                      0.00     10.00
  y_reg[6]/CLK (DFFSSRX1_RVT)                      0.00     10.00 r
  clock uncertainty                               -0.20      9.80
  library setup time                              -0.08      9.72
  data required time                                         9.72
  ------------------------------------------------------------------------
  data required time                                         9.72
  data arrival time                                         -0.10
  ------------------------------------------------------------------------
  slack (MET)                                                9.62



  Startpoint: x_reg_reg[1] (rising edge-triggered flip-flop clocked by clk)
  Endpoint: y_reg[4] (rising edge-triggered flip-flop clocked by clk)
  Mode: func
  Corner: nom
  Scenario: func::nom
  Path Group: clk
  Path Type: max

  Point                                            Incr      Path  
  ------------------------------------------------------------------------
  clock clk (rise edge)                            0.00      0.00
  clock network delay (ideal)                      0.00      0.00

  x_reg_reg[1]/CLK (DFFX1_RVT)                     0.00      0.00 r
  x_reg_reg[1]/Q (DFFX1_RVT)                       0.10      0.10 r
  y_reg[4]/RSTB (DFFSSRX1_RVT)                     0.00      0.10 r
  data arrival time                                          0.10

  clock clk (rise edge)                           10.00     10.00
  clock network delay (ideal)                      0.00     10.00
  y_reg[4]/CLK (DFFSSRX1_RVT)                      0.00     10.00 r
  clock uncertainty                               -0.20      9.80
  library setup time                              -0.06      9.74
  data required time                                         9.74
  ------------------------------------------------------------------------
  data required time                                         9.74
  data arrival time                                         -0.10
  ------------------------------------------------------------------------
  slack (MET)                                                9.64



  Startpoint: x_reg_reg[1] (rising edge-triggered flip-flop clocked by clk)
  Endpoint: y_reg[6] (rising edge-triggered flip-flop clocked by clk)
  Mode: func
  Corner: nom
  Scenario: func::nom
  Path Group: clk
  Path Type: max

  Point                                            Incr      Path  
  ------------------------------------------------------------------------
  clock clk (rise edge)                            0.00      0.00
  clock network delay (ideal)                      0.00      0.00

  x_reg_reg[1]/CLK (DFFX1_RVT)                     0.00      0.00 r
  x_reg_reg[1]/Q (DFFX1_RVT)                       0.10      0.10 r
  y_reg[6]/RSTB (DFFSSRX1_RVT)                     0.00      0.10 r
  data arrival time                                          0.10

  clock clk (rise edge)                           10.00     10.00
  clock network delay (ideal)                      0.00     10.00
  y_reg[6]/CLK (DFFSSRX1_RVT)                      0.00     10.00 r
  clock uncertainty                               -0.20      9.80
  library setup time                              -0.06      9.74
  data required time                                         9.74
  ------------------------------------------------------------------------
  data required time                                         9.74
  data arrival time                                         -0.10
  ------------------------------------------------------------------------
  slack (MET)                                                9.64


1
