[icc2-lic Sun Apr  5 16:34:55 2026] Command 'report_timing' requires licenses
[icc2-lic Sun Apr  5 16:34:55 2026] Attempting to check-out alternate set of keys directly with queueing
[icc2-lic Sun Apr  5 16:34:55 2026] Sending count request for 'ICCompilerII-8' 
[icc2-lic Sun Apr  5 16:34:55 2026] Count request for 'ICCompilerII-8' returned 1 
[icc2-lic Sun Apr  5 16:34:55 2026] Sending check-out request for 'ICCompilerII-8' (1) with wait option
[icc2-lic Sun Apr  5 16:34:55 2026] Check-out request for 'ICCompilerII-8' with wait option succeeded
[icc2-lic Sun Apr  5 16:34:55 2026] Sending checkout check request for 'ICCompilerII-8' 
[icc2-lic Sun Apr  5 16:34:55 2026] Checkout check request for 'ICCompilerII-8' returned 0 
[icc2-lic Sun Apr  5 16:34:55 2026] Sending count request for 'ICCompilerII-8' 
[icc2-lic Sun Apr  5 16:34:55 2026] Count request for 'ICCompilerII-8' returned 1 
[icc2-lic Sun Apr  5 16:34:55 2026] Sending count request for 'ICCompilerII-NX' 
[icc2-lic Sun Apr  5 16:34:55 2026] Count request for 'ICCompilerII-NX' returned 1 
[icc2-lic Sun Apr  5 16:34:55 2026] Sending check-out request for 'ICCompilerII-NX' (1) with wait option
[icc2-lic Sun Apr  5 16:34:55 2026] Check-out request for 'ICCompilerII-NX' with wait option succeeded
[icc2-lic Sun Apr  5 16:34:55 2026] Sending checkout check request for 'ICCompilerII-NX' 
[icc2-lic Sun Apr  5 16:34:55 2026] Checkout check request for 'ICCompilerII-NX' returned 0 
[icc2-lic Sun Apr  5 16:34:55 2026] Sending count request for 'ICCompilerII-NX' 
[icc2-lic Sun Apr  5 16:34:55 2026] Count request for 'ICCompilerII-NX' returned 1 
[icc2-lic Sun Apr  5 16:34:55 2026] Check-out of alternate set of keys directly with queueing was successful
****************************************
Report : timing
        -path_type full
        -delay_type max
        -max_paths 20
        -report_by design
        -input_pins
Design : power_of_four_rtl
Version: W-2024.09
Date   : Sun Apr  5 16:34:55 2026
****************************************

  Startpoint: y_reg[0] (rising edge-triggered flip-flop clocked by clk)
  Endpoint: y[0] (output port clocked by clk)
  Mode: func
  Corner: nom
  Scenario: func::nom
  Path Group: **reg2out_default**
  Path Type: max

  Point                                            Incr      Path  
  ------------------------------------------------------------------------
  clock clk (rise edge)                            0.00      0.00
  clock network delay (propagated)                 0.00      0.00

  y_reg[0]/CLK (DFFSSRX1_RVT)                      0.00      0.00 r
  y_reg[0]/Q (DFFSSRX1_RVT)                        0.09      0.09 f
  y[0] (out)                                       0.00      0.09 f
  data arrival time                                          0.09

  clock clk (rise edge)                           10.00     10.00
  clock network delay (propagated)                 0.00     10.00
  clock uncertainty                               -0.20      9.80
  output external delay                           -2.00      7.80
  data required time                                         7.80
  ------------------------------------------------------------------------
  data required time                                         7.80
  data arrival time                                         -0.09
  ------------------------------------------------------------------------
  slack (MET)                                                7.71



  Startpoint: y_reg[6] (rising edge-triggered flip-flop clocked by clk)
  Endpoint: y[6] (output port clocked by clk)
  Mode: func
  Corner: nom
  Scenario: func::nom
  Path Group: **reg2out_default**
  Path Type: max

  Point                                            Incr      Path  
  ------------------------------------------------------------------------
  clock clk (rise edge)                            0.00      0.00
  clock network delay (propagated)                 0.00      0.00

  y_reg[6]/CLK (DFFSSRX1_RVT)                      0.00      0.00 r
  y_reg[6]/Q (DFFSSRX1_RVT)                        0.09      0.09 f
  y[6] (out)                                       0.00      0.09 f
  data arrival time                                          0.09

  clock clk (rise edge)                           10.00     10.00
  clock network delay (propagated)                 0.00     10.00
  clock uncertainty                               -0.20      9.80
  output external delay                           -2.00      7.80
  data required time                                         7.80
  ------------------------------------------------------------------------
  data required time                                         7.80
  data arrival time                                         -0.09
  ------------------------------------------------------------------------
  slack (MET)                                                7.71



  Startpoint: y_reg[2] (rising edge-triggered flip-flop clocked by clk)
  Endpoint: y[2] (output port clocked by clk)
  Mode: func
  Corner: nom
  Scenario: func::nom
  Path Group: **reg2out_default**
  Path Type: max

  Point                                            Incr      Path  
  ------------------------------------------------------------------------
  clock clk (rise edge)                            0.00      0.00
  clock network delay (propagated)                 0.00      0.00

  y_reg[2]/CLK (DFFSSRX1_RVT)                      0.00      0.00 r
  y_reg[2]/Q (DFFSSRX1_RVT)                        0.09      0.09 f
  y[2] (out)                                       0.00      0.09 f
  data arrival time                                          0.09

  clock clk (rise edge)                           10.00     10.00
  clock network delay (propagated)                 0.00     10.00
  clock uncertainty                               -0.20      9.80
  output external delay                           -2.00      7.80
  data required time                                         7.80
  ------------------------------------------------------------------------
  data required time                                         7.80
  data arrival time                                         -0.09
  ------------------------------------------------------------------------
  slack (MET)                                                7.71



  Startpoint: y_reg[4] (rising edge-triggered flip-flop clocked by clk)
  Endpoint: y[4] (output port clocked by clk)
  Mode: func
  Corner: nom
  Scenario: func::nom
  Path Group: **reg2out_default**
  Path Type: max

  Point                                            Incr      Path  
  ------------------------------------------------------------------------
  clock clk (rise edge)                            0.00      0.00
  clock network delay (propagated)                 0.00      0.00

  y_reg[4]/CLK (DFFSSRX1_RVT)                      0.00      0.00 r
  y_reg[4]/Q (DFFSSRX1_RVT)                        0.09      0.09 f
  y[4] (out)                                       0.00      0.09 f
  data arrival time                                          0.09

  clock clk (rise edge)                           10.00     10.00
  clock network delay (propagated)                 0.00     10.00
  clock uncertainty                               -0.20      9.80
  output external delay                           -2.00      7.80
  data required time                                         7.80
  ------------------------------------------------------------------------
  data required time                                         7.80
  data arrival time                                         -0.09
  ------------------------------------------------------------------------
  slack (MET)                                                7.71



  Startpoint: x_reg_reg[0] (rising edge-triggered flip-flop clocked by clk)
  Endpoint: y_reg[4] (rising edge-triggered flip-flop clocked by clk)
  Mode: func
  Corner: nom
  Scenario: func::nom
  Path Group: clk
  Path Type: max

  Point                                            Incr      Path  
  ------------------------------------------------------------------------
  clock clk (rise edge)                            0.00      0.00
  clock network delay (propagated)                 0.00      0.00

  x_reg_reg[0]/CLK (DFFX1_RVT)                     0.00      0.00 r
  x_reg_reg[0]/Q (DFFX1_RVT)                       0.08      0.08 f
  copt_h_inst_1253/A (DELLN3X2_RVT)                0.00      0.08 f
  copt_h_inst_1253/Y (DELLN3X2_RVT)                0.28      0.36 f
  y_reg[4]/SETB (DFFSSRX1_RVT)                     0.00      0.36 f
  data arrival time                                          0.36

  clock clk (rise edge)                           10.00     10.00
  clock network delay (propagated)                 0.00     10.00
  y_reg[4]/CLK (DFFSSRX1_RVT)                      0.00     10.00 r
  clock uncertainty                               -0.20      9.80
  library setup time                              -0.14      9.66
  data required time                                         9.66
  ------------------------------------------------------------------------
  data required time                                         9.66
  data arrival time                                         -0.36
  ------------------------------------------------------------------------
  slack (MET)                                                9.30



  Startpoint: x_reg_reg[1] (rising edge-triggered flip-flop clocked by clk)
  Endpoint: y_reg[2] (rising edge-triggered flip-flop clocked by clk)
  Mode: func
  Corner: nom
  Scenario: func::nom
  Path Group: clk
  Path Type: max

  Point                                            Incr      Path  
  ------------------------------------------------------------------------
  clock clk (rise edge)                            0.00      0.00
  clock network delay (propagated)                 0.00      0.00

  x_reg_reg[1]/CLK (DFFX1_RVT)                     0.00      0.00 r
  x_reg_reg[1]/Q (DFFX1_RVT)                       0.08      0.08 f
  copt_h_inst_1251/A (DELLN3X2_RVT)                0.00      0.08 f
  copt_h_inst_1251/Y (DELLN3X2_RVT)                0.28      0.36 f
  y_reg[2]/SETB (DFFSSRX1_RVT)                     0.00      0.36 f
  data arrival time                                          0.36

  clock clk (rise edge)                           10.00     10.00
  clock network delay (propagated)                 0.00     10.00
  y_reg[2]/CLK (DFFSSRX1_RVT)                      0.00     10.00 r
  clock uncertainty                               -0.20      9.80
  library setup time                              -0.13      9.67
  data required time                                         9.67
  ------------------------------------------------------------------------
  data required time                                         9.67
  data arrival time                                         -0.36
  ------------------------------------------------------------------------
  slack (MET)                                                9.31



  Startpoint: x_reg_reg[1] (rising edge-triggered flip-flop clocked by clk)
  Endpoint: y_reg[0] (rising edge-triggered flip-flop clocked by clk)
  Mode: func
  Corner: nom
  Scenario: func::nom
  Path Group: clk
  Path Type: max

  Point                                            Incr      Path  
  ------------------------------------------------------------------------
  clock clk (rise edge)                            0.00      0.00
  clock network delay (propagated)                 0.00      0.00

  x_reg_reg[1]/CLK (DFFX1_RVT)                     0.00      0.00 r
  x_reg_reg[1]/Q (DFFX1_RVT)                       0.08      0.08 f
  copt_h_inst_1251/A (DELLN3X2_RVT)                0.00      0.08 f
  copt_h_inst_1251/Y (DELLN3X2_RVT)                0.28      0.36 f
  y_reg[0]/SETB (DFFSSRX1_RVT)                     0.00      0.36 f
  data arrival time                                          0.36

  clock clk (rise edge)                           10.00     10.00
  clock network delay (propagated)                 0.00     10.00
  y_reg[0]/CLK (DFFSSRX1_RVT)                      0.00     10.00 r
  clock uncertainty                               -0.20      9.80
  library setup time                              -0.13      9.67
  data required time                                         9.67
  ------------------------------------------------------------------------
  data required time                                         9.67
  data arrival time                                         -0.36
  ------------------------------------------------------------------------
  slack (MET)                                                9.31



  Startpoint: x_reg_reg[1] (rising edge-triggered flip-flop clocked by clk)
  Endpoint: y_reg[6] (rising edge-triggered flip-flop clocked by clk)
  Mode: func
  Corner: nom
  Scenario: func::nom
  Path Group: clk
  Path Type: max

  Point                                            Incr      Path  
  ------------------------------------------------------------------------
  clock clk (rise edge)                            0.00      0.00
  clock network delay (propagated)                 0.00      0.00

  x_reg_reg[1]/CLK (DFFX1_RVT)                     0.00      0.00 r
  x_reg_reg[1]/Q (DFFX1_RVT)                       0.08      0.08 f
  copt_h_inst_1251/A (DELLN3X2_RVT)                0.00      0.08 f
  copt_h_inst_1251/Y (DELLN3X2_RVT)                0.28      0.36 f
  y_reg[6]/RSTB (DFFSSRX1_RVT)                     0.00      0.36 f
  data arrival time                                          0.36

  clock clk (rise edge)                           10.00     10.00
  clock network delay (propagated)                 0.00     10.00
  y_reg[6]/CLK (DFFSSRX1_RVT)                      0.00     10.00 r
  clock uncertainty                               -0.20      9.80
  library setup time                              -0.04      9.76
  data required time                                         9.76
  ------------------------------------------------------------------------
  data required time                                         9.76
  data arrival time                                         -0.36
  ------------------------------------------------------------------------
  slack (MET)                                                9.39



  Startpoint: x_reg_reg[1] (rising edge-triggered flip-flop clocked by clk)
  Endpoint: y_reg[4] (rising edge-triggered flip-flop clocked by clk)
  Mode: func
  Corner: nom
  Scenario: func::nom
  Path Group: clk
  Path Type: max

  Point                                            Incr      Path  
  ------------------------------------------------------------------------
  clock clk (rise edge)                            0.00      0.00
  clock network delay (propagated)                 0.00      0.00

  x_reg_reg[1]/CLK (DFFX1_RVT)                     0.00      0.00 r
  x_reg_reg[1]/Q (DFFX1_RVT)                       0.08      0.08 f
  copt_h_inst_1251/A (DELLN3X2_RVT)                0.00      0.08 f
  copt_h_inst_1251/Y (DELLN3X2_RVT)                0.28      0.36 f
  y_reg[4]/RSTB (DFFSSRX1_RVT)                     0.00      0.36 f
  data arrival time                                          0.36

  clock clk (rise edge)                           10.00     10.00
  clock network delay (propagated)                 0.00     10.00
  y_reg[4]/CLK (DFFSSRX1_RVT)                      0.00     10.00 r
  clock uncertainty                               -0.20      9.80
  library setup time                              -0.04      9.76
  data required time                                         9.76
  ------------------------------------------------------------------------
  data required time                                         9.76
  data arrival time                                         -0.36
  ------------------------------------------------------------------------
  slack (MET)                                                9.39



  Startpoint: x_reg_reg[0] (rising edge-triggered flip-flop clocked by clk)
  Endpoint: y_reg[2] (rising edge-triggered flip-flop clocked by clk)
  Mode: func
  Corner: nom
  Scenario: func::nom
  Path Group: clk
  Path Type: max

  Point                                            Incr      Path  
  ------------------------------------------------------------------------
  clock clk (rise edge)                            0.00      0.00
  clock network delay (propagated)                 0.00      0.00

  x_reg_reg[0]/CLK (DFFX1_RVT)                     0.00      0.00 r
  x_reg_reg[0]/Q (DFFX1_RVT)                       0.08      0.08 f
  copt_h_inst_1253/A (DELLN3X2_RVT)                0.00      0.08 f
  copt_h_inst_1253/Y (DELLN3X2_RVT)                0.28      0.36 f
  y_reg[2]/RSTB (DFFSSRX1_RVT)                     0.00      0.36 f
  data arrival time                                          0.36

  clock clk (rise edge)                           10.00     10.00
  clock network delay (propagated)                 0.00     10.00
  y_reg[2]/CLK (DFFSSRX1_RVT)                      0.00     10.00 r
  clock uncertainty                               -0.20      9.80
  library setup time                              -0.04      9.76
  data required time                                         9.76
  ------------------------------------------------------------------------
  data required time                                         9.76
  data arrival time                                         -0.36
  ------------------------------------------------------------------------
  slack (MET)                                                9.40



  Startpoint: x_reg_reg[0] (rising edge-triggered flip-flop clocked by clk)
  Endpoint: y_reg[6] (rising edge-triggered flip-flop clocked by clk)
  Mode: func
  Corner: nom
  Scenario: func::nom
  Path Group: clk
  Path Type: max

  Point                                            Incr      Path  
  ------------------------------------------------------------------------
  clock clk (rise edge)                            0.00      0.00
  clock network delay (propagated)                 0.00      0.00

  x_reg_reg[0]/CLK (DFFX1_RVT)                     0.00      0.00 r
  x_reg_reg[0]/Q (DFFX1_RVT)                       0.08      0.08 f
  copt_h_inst_1253/A (DELLN3X2_RVT)                0.00      0.08 f
  copt_h_inst_1253/Y (DELLN3X2_RVT)                0.28      0.36 f
  y_reg[6]/D (DFFSSRX1_RVT)                        0.00      0.36 f
  data arrival time                                          0.36

  clock clk (rise edge)                           10.00     10.00
  clock network delay (propagated)                 0.00     10.00
  y_reg[6]/CLK (DFFSSRX1_RVT)                      0.00     10.00 r
  clock uncertainty                               -0.20      9.80
  library setup time                              -0.04      9.76
  data required time                                         9.76
  ------------------------------------------------------------------------
  data required time                                         9.76
  data arrival time                                         -0.36
  ------------------------------------------------------------------------
  slack (MET)                                                9.40



  Startpoint: x_reg_reg[0] (rising edge-triggered flip-flop clocked by clk)
  Endpoint: y_reg[0] (rising edge-triggered flip-flop clocked by clk)
  Mode: func
  Corner: nom
  Scenario: func::nom
  Path Group: clk
  Path Type: max

  Point                                            Incr      Path  
  ------------------------------------------------------------------------
  clock clk (rise edge)                            0.00      0.00
  clock network delay (propagated)                 0.00      0.00

  x_reg_reg[0]/CLK (DFFX1_RVT)                     0.00      0.00 r
  x_reg_reg[0]/QN (DFFX1_RVT)                      0.07      0.07 r
  copt_h_inst_1254/A (DELLN2X2_RVT)                0.00      0.07 r
  copt_h_inst_1254/Y (DELLN2X2_RVT)                0.14      0.21 r
  y_reg[0]/RSTB (DFFSSRX1_RVT)                     0.00      0.21 r
  data arrival time                                          0.21

  clock clk (rise edge)                           10.00     10.00
  clock network delay (propagated)                 0.00     10.00
  y_reg[0]/CLK (DFFSSRX1_RVT)                      0.00     10.00 r
  clock uncertainty                               -0.20      9.80
  library setup time                              -0.06      9.74
  data required time                                         9.74
  ------------------------------------------------------------------------
  data required time                                         9.74
  data arrival time                                         -0.21
  ------------------------------------------------------------------------
  slack (MET)                                                9.53


1
