 
****************************************
Report : area
Design : power_of_four_rtl
Version: W-2024.09
Date   : Sun Apr  5 16:12:48 2026
****************************************

Library(s) Used:

    saed32rvt_ss0p7vn40c (File: /home/student/Downloads/Workshop/ref/lib/stdcell_rvt/saed32rvt_ss0p7vn40c.db)

Number of ports:                           10
Number of nets:                            15
Number of cells:                           11
Number of combinational cells:              0
Number of sequential cells:                 6
Number of macros/black boxes:               0
Number of buf/inv:                          0
Number of references:                       2

Combinational area:                  0.000000
Buf/Inv area:                        0.000000
Noncombinational area:              41.679617
Macro/Black Box area:                0.000000
Net Interconnect area:               2.130468

Total cell area:                    41.679617
Total area:                         43.810085

Hierarchical area distribution
------------------------------

                                  Global cell area          Local cell area
                                  ------------------  --------------------------- 
Hierarchical cell                 Absolute   Percent  Combi-    Noncombi-  Black-
                                  Total      Total    national  national   boxes   Design
--------------------------------  ---------  -------  --------  ---------  ------  ---------
power_of_four_rtl                   41.6796    100.0    0.0000    41.6796  0.0000  power_of_four_rtl
--------------------------------  ---------  -------  --------  ---------  ------  ---------
Total                                                   0.0000    41.6796  0.0000

1
