 
****************************************
Report : cell
Design : power_of_four_rtl
Version: W-2024.09
Date   : Sun Apr  5 16:12:48 2026
****************************************

Attributes:
    b - black box (unknown)
    h - hierarchical
    n - noncombinational
    r - removable
    u - contains unmapped logic

Cell                      Reference       Library             Area  Attributes
--------------------------------------------------------------------------------
x_reg_reg[0]              DFFX1_RVT       saed32rvt_ss0p7vn40c
                                                          6.607744  n
x_reg_reg[1]              DFFX1_RVT       saed32rvt_ss0p7vn40c
                                                          6.607744  n
y_reg[0]                  DFFSSRX1_RVT    saed32rvt_ss0p7vn40c
                                                          7.116032  n
y_reg[2]                  DFFSSRX1_RVT    saed32rvt_ss0p7vn40c
                                                          7.116032  n
y_reg[4]                  DFFSSRX1_RVT    saed32rvt_ss0p7vn40c
                                                          7.116032  n
y_reg[6]                  DFFSSRX1_RVT    saed32rvt_ss0p7vn40c
                                                          7.116032  n
--------------------------------------------------------------------------------
Total 6 cells                                             41.679617
1
