 
****************************************
Report : net
Design : power_of_four_rtl
Version: W-2024.09
Date   : Sun Apr  5 16:12:48 2026
****************************************


Operating Conditions: ss0p7vn40c   Library: saed32rvt_ss0p7vn40c
Wire Load Model Mode: enclosed

Design        Wire Load Model            Library
------------------------------------------------
power_of_four_rtl      ForQA             saed32rvt_ss0p7vn40c


Attributes:
   dr - drc disabled

Net
 Fanout    Fanin     Load      LoadUR    LoadUF    LoadLR    LoadLF    Resist    Pins      Attr
-----------------------------------------------------------------------------------------------
clk
      6         1        4.99      5.81      5.28      4.68      4.65      0.15       7    dr
n3
      1         1        0.89      0.95      0.91      0.87      0.86      0.02       2    
n4
      1         1        0.40      0.56      0.37      0.38      0.30      0.00       2    dr
n5
      1         1        0.40      0.56      0.37      0.38      0.30      0.00       2    dr
n6
      1         1        0.40      0.56      0.37      0.38      0.30      0.00       2    dr
n7
      1         1        0.41      0.52      0.44      0.36      0.36      0.00       2    dr
x[0]
      1         1        0.65      0.77      0.68      0.60      0.60      0.02       2    
x[1]
      1         1        0.65      0.77      0.68      0.60      0.60      0.02       2    
x_reg[0]
      3         1        2.32      2.65      2.34      2.23      2.13      0.07       4    
x_reg[1]
      4         1        3.32      3.65      3.41      3.18      3.14      0.09       5    
y[0]
      1         1        0.24      0.24      0.24      0.24      0.24      0.02       2    
y[2]
      1         1        0.24      0.24      0.24      0.24      0.24      0.02       2    
y[4]
      1         1        0.24      0.24      0.24      0.24      0.24      0.02       2    
y[5]
      3         1        0.54      0.54      0.54      0.54      0.54      0.04       4    dr
y[6]
      1         1        0.24      0.24      0.24      0.24      0.24      0.02       2    
-----------------------------------------------------------------------------------------------
Total 15 nets
     27        15       15.95     18.34     16.38     15.19     14.72      0.48      42
Maximum
      6         1        4.99      5.81      5.28      4.68      4.65      0.15       7
Average
   1.80      1.00        1.06      1.22      1.09      1.01      0.98      0.03    2.80
1
