 
****************************************
Report : power
        -hier
        -analysis_effort low
Design : power_of_four_rtl
Version: W-2024.09
Date   : Sun Apr  5 16:12:48 2026
****************************************


Library(s) Used:

    saed32rvt_ss0p7vn40c (File: /home/student/Downloads/Workshop/ref/lib/stdcell_rvt/saed32rvt_ss0p7vn40c.db)


Operating Conditions: ss0p7vn40c   Library: saed32rvt_ss0p7vn40c
Wire Load Model Mode: enclosed

Design        Wire Load Model            Library
------------------------------------------------
power_of_four_rtl      ForQA             saed32rvt_ss0p7vn40c


Global Operating Voltage = 0.7  
Power-specific unit information :
    Voltage Units = 1V
    Capacitance Units = 1.000000ff
    Time Units = 1ns
    Dynamic Power Units = 1uW    (derived from V,C,T units)
    Leakage Power Units = 1pW


--------------------------------------------------------------------------------
                                       Switch   Int      Leak     Total
Hierarchy                              Power    Power    Power    Power    %
--------------------------------------------------------------------------------
power_of_four_rtl                      1.95e-02    1.757 1.67e+05    1.944 100.0
1
