Information: Updating design information... (UID-85)
 
****************************************
Report : timing
        -path full
        -delay max
        -max_paths 10
Design : power_of_four_rtl
Version: W-2024.09
Date   : Sun Apr  5 16:12:48 2026
****************************************

Operating Conditions: ss0p7vn40c   Library: saed32rvt_ss0p7vn40c
Wire Load Model Mode: enclosed

  Startpoint: y_reg[6] (rising edge-triggered flip-flop clocked by clk)
  Endpoint: y[6] (output port clocked by clk)
  Path Group: clk
  Path Type: max

  Des/Clust/Port     Wire Load Model       Library
  ------------------------------------------------
  power_of_four_rtl  ForQA                 saed32rvt_ss0p7vn40c

  Point                                    Incr       Path
  -----------------------------------------------------------
  clock clk (rise edge)                    0.00       0.00
  clock network delay (ideal)              0.00       0.00
  y_reg[6]/CLK (DFFSSRX1_RVT)              0.00       0.00 r
  y_reg[6]/Q (DFFSSRX1_RVT)                0.93       0.93 r
  y[6] (out)                               0.00       0.93 r
  data arrival time                                   0.93

  clock clk (rise edge)                   10.00      10.00
  clock network delay (ideal)              0.00      10.00
  clock uncertainty                       -0.20       9.80
  output external delay                   -2.00       7.80
  data required time                                  7.80
  -----------------------------------------------------------
  data required time                                  7.80
  data arrival time                                  -0.93
  -----------------------------------------------------------
  slack (MET)                                         6.87


  Startpoint: y_reg[4] (rising edge-triggered flip-flop clocked by clk)
  Endpoint: y[4] (output port clocked by clk)
  Path Group: clk
  Path Type: max

  Des/Clust/Port     Wire Load Model       Library
  ------------------------------------------------
  power_of_four_rtl  ForQA                 saed32rvt_ss0p7vn40c

  Point                                    Incr       Path
  -----------------------------------------------------------
  clock clk (rise edge)                    0.00       0.00
  clock network delay (ideal)              0.00       0.00
  y_reg[4]/CLK (DFFSSRX1_RVT)              0.00       0.00 r
  y_reg[4]/Q (DFFSSRX1_RVT)                0.93       0.93 r
  y[4] (out)                               0.00       0.93 r
  data arrival time                                   0.93

  clock clk (rise edge)                   10.00      10.00
  clock network delay (ideal)              0.00      10.00
  clock uncertainty                       -0.20       9.80
  output external delay                   -2.00       7.80
  data required time                                  7.80
  -----------------------------------------------------------
  data required time                                  7.80
  data arrival time                                  -0.93
  -----------------------------------------------------------
  slack (MET)                                         6.87


  Startpoint: y_reg[2] (rising edge-triggered flip-flop clocked by clk)
  Endpoint: y[2] (output port clocked by clk)
  Path Group: clk
  Path Type: max

  Des/Clust/Port     Wire Load Model       Library
  ------------------------------------------------
  power_of_four_rtl  ForQA                 saed32rvt_ss0p7vn40c

  Point                                    Incr       Path
  -----------------------------------------------------------
  clock clk (rise edge)                    0.00       0.00
  clock network delay (ideal)              0.00       0.00
  y_reg[2]/CLK (DFFSSRX1_RVT)              0.00       0.00 r
  y_reg[2]/Q (DFFSSRX1_RVT)                0.93       0.93 r
  y[2] (out)                               0.00       0.93 r
  data arrival time                                   0.93

  clock clk (rise edge)                   10.00      10.00
  clock network delay (ideal)              0.00      10.00
  clock uncertainty                       -0.20       9.80
  output external delay                   -2.00       7.80
  data required time                                  7.80
  -----------------------------------------------------------
  data required time                                  7.80
  data arrival time                                  -0.93
  -----------------------------------------------------------
  slack (MET)                                         6.87


  Startpoint: y_reg[0] (rising edge-triggered flip-flop clocked by clk)
  Endpoint: y[0] (output port clocked by clk)
  Path Group: clk
  Path Type: max

  Des/Clust/Port     Wire Load Model       Library
  ------------------------------------------------
  power_of_four_rtl  ForQA                 saed32rvt_ss0p7vn40c

  Point                                    Incr       Path
  -----------------------------------------------------------
  clock clk (rise edge)                    0.00       0.00
  clock network delay (ideal)              0.00       0.00
  y_reg[0]/CLK (DFFSSRX1_RVT)              0.00       0.00 r
  y_reg[0]/Q (DFFSSRX1_RVT)                0.93       0.93 r
  y[0] (out)                               0.00       0.93 r
  data arrival time                                   0.93

  clock clk (rise edge)                   10.00      10.00
  clock network delay (ideal)              0.00      10.00
  clock uncertainty                       -0.20       9.80
  output external delay                   -2.00       7.80
  data required time                                  7.80
  -----------------------------------------------------------
  data required time                                  7.80
  data arrival time                                  -0.93
  -----------------------------------------------------------
  slack (MET)                                         6.87


  Startpoint: x_reg_reg[1]
              (rising edge-triggered flip-flop clocked by clk)
  Endpoint: y_reg[0] (rising edge-triggered flip-flop clocked by clk)
  Path Group: clk
  Path Type: max

  Des/Clust/Port     Wire Load Model       Library
  ------------------------------------------------
  power_of_four_rtl  ForQA                 saed32rvt_ss0p7vn40c

  Point                                    Incr       Path
  -----------------------------------------------------------
  clock clk (rise edge)                    0.00       0.00
  clock network delay (ideal)              0.00       0.00
  x_reg_reg[1]/CLK (DFFX1_RVT)             0.00       0.00 r
  x_reg_reg[1]/Q (DFFX1_RVT)               0.83       0.83 r
  y_reg[0]/SETB (DFFSSRX1_RVT)             0.00       0.83 r
  data arrival time                                   0.83

  clock clk (rise edge)                   10.00      10.00
  clock network delay (ideal)              0.00      10.00
  clock uncertainty                       -0.20       9.80
  y_reg[0]/CLK (DFFSSRX1_RVT)              0.00       9.80 r
  library setup time                      -1.20       8.60
  data required time                                  8.60
  -----------------------------------------------------------
  data required time                                  8.60
  data arrival time                                  -0.83
  -----------------------------------------------------------
  slack (MET)                                         7.77


  Startpoint: x_reg_reg[1]
              (rising edge-triggered flip-flop clocked by clk)
  Endpoint: y_reg[2] (rising edge-triggered flip-flop clocked by clk)
  Path Group: clk
  Path Type: max

  Des/Clust/Port     Wire Load Model       Library
  ------------------------------------------------
  power_of_four_rtl  ForQA                 saed32rvt_ss0p7vn40c

  Point                                    Incr       Path
  -----------------------------------------------------------
  clock clk (rise edge)                    0.00       0.00
  clock network delay (ideal)              0.00       0.00
  x_reg_reg[1]/CLK (DFFX1_RVT)             0.00       0.00 r
  x_reg_reg[1]/Q (DFFX1_RVT)               0.83       0.83 r
  y_reg[2]/SETB (DFFSSRX1_RVT)             0.00       0.83 r
  data arrival time                                   0.83

  clock clk (rise edge)                   10.00      10.00
  clock network delay (ideal)              0.00      10.00
  clock uncertainty                       -0.20       9.80
  y_reg[2]/CLK (DFFSSRX1_RVT)              0.00       9.80 r
  library setup time                      -1.20       8.60
  data required time                                  8.60
  -----------------------------------------------------------
  data required time                                  8.60
  data arrival time                                  -0.83
  -----------------------------------------------------------
  slack (MET)                                         7.77


  Startpoint: x_reg_reg[0]
              (rising edge-triggered flip-flop clocked by clk)
  Endpoint: y_reg[4] (rising edge-triggered flip-flop clocked by clk)
  Path Group: clk
  Path Type: max

  Des/Clust/Port     Wire Load Model       Library
  ------------------------------------------------
  power_of_four_rtl  ForQA                 saed32rvt_ss0p7vn40c

  Point                                    Incr       Path
  -----------------------------------------------------------
  clock clk (rise edge)                    0.00       0.00
  clock network delay (ideal)              0.00       0.00
  x_reg_reg[0]/CLK (DFFX1_RVT)             0.00       0.00 r
  x_reg_reg[0]/Q (DFFX1_RVT)               0.81       0.81 r
  y_reg[4]/SETB (DFFSSRX1_RVT)             0.00       0.81 r
  data arrival time                                   0.81

  clock clk (rise edge)                   10.00      10.00
  clock network delay (ideal)              0.00      10.00
  clock uncertainty                       -0.20       9.80
  y_reg[4]/CLK (DFFSSRX1_RVT)              0.00       9.80 r
  library setup time                      -1.17       8.63
  data required time                                  8.63
  -----------------------------------------------------------
  data required time                                  8.63
  data arrival time                                  -0.81
  -----------------------------------------------------------
  slack (MET)                                         7.82


  Startpoint: x_reg_reg[1]
              (rising edge-triggered flip-flop clocked by clk)
  Endpoint: y_reg[6] (rising edge-triggered flip-flop clocked by clk)
  Path Group: clk
  Path Type: max

  Des/Clust/Port     Wire Load Model       Library
  ------------------------------------------------
  power_of_four_rtl  ForQA                 saed32rvt_ss0p7vn40c

  Point                                    Incr       Path
  -----------------------------------------------------------
  clock clk (rise edge)                    0.00       0.00
  clock network delay (ideal)              0.00       0.00
  x_reg_reg[1]/CLK (DFFX1_RVT)             0.00       0.00 r
  x_reg_reg[1]/Q (DFFX1_RVT)               0.71       0.71 f
  y_reg[6]/RSTB (DFFSSRX1_RVT)             0.00       0.71 f
  data arrival time                                   0.71

  clock clk (rise edge)                   10.00      10.00
  clock network delay (ideal)              0.00      10.00
  clock uncertainty                       -0.20       9.80
  y_reg[6]/CLK (DFFSSRX1_RVT)              0.00       9.80 r
  library setup time                      -1.05       8.75
  data required time                                  8.75
  -----------------------------------------------------------
  data required time                                  8.75
  data arrival time                                  -0.71
  -----------------------------------------------------------
  slack (MET)                                         8.04


  Startpoint: x_reg_reg[1]
              (rising edge-triggered flip-flop clocked by clk)
  Endpoint: y_reg[4] (rising edge-triggered flip-flop clocked by clk)
  Path Group: clk
  Path Type: max

  Des/Clust/Port     Wire Load Model       Library
  ------------------------------------------------
  power_of_four_rtl  ForQA                 saed32rvt_ss0p7vn40c

  Point                                    Incr       Path
  -----------------------------------------------------------
  clock clk (rise edge)                    0.00       0.00
  clock network delay (ideal)              0.00       0.00
  x_reg_reg[1]/CLK (DFFX1_RVT)             0.00       0.00 r
  x_reg_reg[1]/Q (DFFX1_RVT)               0.71       0.71 f
  y_reg[4]/RSTB (DFFSSRX1_RVT)             0.00       0.71 f
  data arrival time                                   0.71

  clock clk (rise edge)                   10.00      10.00
  clock network delay (ideal)              0.00      10.00
  clock uncertainty                       -0.20       9.80
  y_reg[4]/CLK (DFFSSRX1_RVT)              0.00       9.80 r
  library setup time                      -1.05       8.75
  data required time                                  8.75
  -----------------------------------------------------------
  data required time                                  8.75
  data arrival time                                  -0.71
  -----------------------------------------------------------
  slack (MET)                                         8.04


  Startpoint: x_reg_reg[0]
              (rising edge-triggered flip-flop clocked by clk)
  Endpoint: y_reg[2] (rising edge-triggered flip-flop clocked by clk)
  Path Group: clk
  Path Type: max

  Des/Clust/Port     Wire Load Model       Library
  ------------------------------------------------
  power_of_four_rtl  ForQA                 saed32rvt_ss0p7vn40c

  Point                                    Incr       Path
  -----------------------------------------------------------
  clock clk (rise edge)                    0.00       0.00
  clock network delay (ideal)              0.00       0.00
  x_reg_reg[0]/CLK (DFFX1_RVT)             0.00       0.00 r
  x_reg_reg[0]/Q (DFFX1_RVT)               0.69       0.69 f
  y_reg[2]/RSTB (DFFSSRX1_RVT)             0.00       0.69 f
  data arrival time                                   0.69

  clock clk (rise edge)                   10.00      10.00
  clock network delay (ideal)              0.00      10.00
  clock uncertainty                       -0.20       9.80
  y_reg[2]/CLK (DFFSSRX1_RVT)              0.00       9.80 r
  library setup time                      -1.04       8.76
  data required time                                  8.76
  -----------------------------------------------------------
  data required time                                  8.76
  data arrival time                                  -0.69
  -----------------------------------------------------------
  slack (MET)                                         8.06


1
