 
****************************************
Report : timing
        -path full
        -delay min
        -max_paths 10
Design : power_of_four_rtl
Version: W-2024.09
Date   : Sun Apr  5 16:12:48 2026
****************************************

Operating Conditions: ss0p7vn40c   Library: saed32rvt_ss0p7vn40c
Wire Load Model Mode: enclosed

  Startpoint: x_reg_reg[0]
              (rising edge-triggered flip-flop clocked by clk)
  Endpoint: y_reg[0] (rising edge-triggered flip-flop clocked by clk)
  Path Group: clk
  Path Type: min

  Des/Clust/Port     Wire Load Model       Library
  ------------------------------------------------
  power_of_four_rtl  ForQA                 saed32rvt_ss0p7vn40c

  Point                                    Incr       Path
  -----------------------------------------------------------
  clock clk (rise edge)                    0.00       0.00
  clock network delay (ideal)              0.00       0.00
  x_reg_reg[0]/CLK (DFFX1_RVT)             0.00       0.00 r
  x_reg_reg[0]/QN (DFFX1_RVT)              0.55       0.55 f
  y_reg[0]/RSTB (DFFSSRX1_RVT)             0.00       0.55 f
  data arrival time                                   0.55

  clock clk (rise edge)                    0.00       0.00
  clock network delay (ideal)              0.00       0.00
  clock uncertainty                        0.20       0.20
  y_reg[0]/CLK (DFFSSRX1_RVT)              0.00       0.20 r
  library hold time                       -0.19       0.01
  data required time                                  0.01
  -----------------------------------------------------------
  data required time                                  0.01
  data arrival time                                  -0.55
  -----------------------------------------------------------
  slack (MET)                                         0.54


  Startpoint: x_reg_reg[0]
              (rising edge-triggered flip-flop clocked by clk)
  Endpoint: y_reg[6] (rising edge-triggered flip-flop clocked by clk)
  Path Group: clk
  Path Type: min

  Des/Clust/Port     Wire Load Model       Library
  ------------------------------------------------
  power_of_four_rtl  ForQA                 saed32rvt_ss0p7vn40c

  Point                                    Incr       Path
  -----------------------------------------------------------
  clock clk (rise edge)                    0.00       0.00
  clock network delay (ideal)              0.00       0.00
  x_reg_reg[0]/CLK (DFFX1_RVT)             0.00       0.00 r
  x_reg_reg[0]/Q (DFFX1_RVT)               0.69       0.69 f
  y_reg[6]/D (DFFSSRX1_RVT)                0.00       0.69 f
  data arrival time                                   0.69

  clock clk (rise edge)                    0.00       0.00
  clock network delay (ideal)              0.00       0.00
  clock uncertainty                        0.20       0.20
  y_reg[6]/CLK (DFFSSRX1_RVT)              0.00       0.20 r
  library hold time                       -0.12       0.08
  data required time                                  0.08
  -----------------------------------------------------------
  data required time                                  0.08
  data arrival time                                  -0.69
  -----------------------------------------------------------
  slack (MET)                                         0.61


  Startpoint: x_reg_reg[0]
              (rising edge-triggered flip-flop clocked by clk)
  Endpoint: y_reg[2] (rising edge-triggered flip-flop clocked by clk)
  Path Group: clk
  Path Type: min

  Des/Clust/Port     Wire Load Model       Library
  ------------------------------------------------
  power_of_four_rtl  ForQA                 saed32rvt_ss0p7vn40c

  Point                                    Incr       Path
  -----------------------------------------------------------
  clock clk (rise edge)                    0.00       0.00
  clock network delay (ideal)              0.00       0.00
  x_reg_reg[0]/CLK (DFFX1_RVT)             0.00       0.00 r
  x_reg_reg[0]/Q (DFFX1_RVT)               0.69       0.69 f
  y_reg[2]/RSTB (DFFSSRX1_RVT)             0.00       0.69 f
  data arrival time                                   0.69

  clock clk (rise edge)                    0.00       0.00
  clock network delay (ideal)              0.00       0.00
  clock uncertainty                        0.20       0.20
  y_reg[2]/CLK (DFFSSRX1_RVT)              0.00       0.20 r
  library hold time                       -0.13       0.07
  data required time                                  0.07
  -----------------------------------------------------------
  data required time                                  0.07
  data arrival time                                  -0.69
  -----------------------------------------------------------
  slack (MET)                                         0.62


  Startpoint: x_reg_reg[1]
              (rising edge-triggered flip-flop clocked by clk)
  Endpoint: y_reg[6] (rising edge-triggered flip-flop clocked by clk)
  Path Group: clk
  Path Type: min

  Des/Clust/Port     Wire Load Model       Library
  ------------------------------------------------
  power_of_four_rtl  ForQA                 saed32rvt_ss0p7vn40c

  Point                                    Incr       Path
  -----------------------------------------------------------
  clock clk (rise edge)                    0.00       0.00
  clock network delay (ideal)              0.00       0.00
  x_reg_reg[1]/CLK (DFFX1_RVT)             0.00       0.00 r
  x_reg_reg[1]/Q (DFFX1_RVT)               0.71       0.71 f
  y_reg[6]/RSTB (DFFSSRX1_RVT)             0.00       0.71 f
  data arrival time                                   0.71

  clock clk (rise edge)                    0.00       0.00
  clock network delay (ideal)              0.00       0.00
  clock uncertainty                        0.20       0.20
  y_reg[6]/CLK (DFFSSRX1_RVT)              0.00       0.20 r
  library hold time                       -0.14       0.06
  data required time                                  0.06
  -----------------------------------------------------------
  data required time                                  0.06
  data arrival time                                  -0.71
  -----------------------------------------------------------
  slack (MET)                                         0.64


  Startpoint: x_reg_reg[1]
              (rising edge-triggered flip-flop clocked by clk)
  Endpoint: y_reg[4] (rising edge-triggered flip-flop clocked by clk)
  Path Group: clk
  Path Type: min

  Des/Clust/Port     Wire Load Model       Library
  ------------------------------------------------
  power_of_four_rtl  ForQA                 saed32rvt_ss0p7vn40c

  Point                                    Incr       Path
  -----------------------------------------------------------
  clock clk (rise edge)                    0.00       0.00
  clock network delay (ideal)              0.00       0.00
  x_reg_reg[1]/CLK (DFFX1_RVT)             0.00       0.00 r
  x_reg_reg[1]/Q (DFFX1_RVT)               0.71       0.71 f
  y_reg[4]/RSTB (DFFSSRX1_RVT)             0.00       0.71 f
  data arrival time                                   0.71

  clock clk (rise edge)                    0.00       0.00
  clock network delay (ideal)              0.00       0.00
  clock uncertainty                        0.20       0.20
  y_reg[4]/CLK (DFFSSRX1_RVT)              0.00       0.20 r
  library hold time                       -0.14       0.06
  data required time                                  0.06
  -----------------------------------------------------------
  data required time                                  0.06
  data arrival time                                  -0.71
  -----------------------------------------------------------
  slack (MET)                                         0.64


  Startpoint: x_reg_reg[0]
              (rising edge-triggered flip-flop clocked by clk)
  Endpoint: y_reg[4] (rising edge-triggered flip-flop clocked by clk)
  Path Group: clk
  Path Type: min

  Des/Clust/Port     Wire Load Model       Library
  ------------------------------------------------
  power_of_four_rtl  ForQA                 saed32rvt_ss0p7vn40c

  Point                                    Incr       Path
  -----------------------------------------------------------
  clock clk (rise edge)                    0.00       0.00
  clock network delay (ideal)              0.00       0.00
  x_reg_reg[0]/CLK (DFFX1_RVT)             0.00       0.00 r
  x_reg_reg[0]/Q (DFFX1_RVT)               0.69       0.69 f
  y_reg[4]/SETB (DFFSSRX1_RVT)             0.00       0.69 f
  data arrival time                                   0.69

  clock clk (rise edge)                    0.00       0.00
  clock network delay (ideal)              0.00       0.00
  clock uncertainty                        0.20       0.20
  y_reg[4]/CLK (DFFSSRX1_RVT)              0.00       0.20 r
  library hold time                       -0.24      -0.04
  data required time                                 -0.04
  -----------------------------------------------------------
  data required time                                 -0.04
  data arrival time                                  -0.69
  -----------------------------------------------------------
  slack (MET)                                         0.73


  Startpoint: x_reg_reg[1]
              (rising edge-triggered flip-flop clocked by clk)
  Endpoint: y_reg[0] (rising edge-triggered flip-flop clocked by clk)
  Path Group: clk
  Path Type: min

  Des/Clust/Port     Wire Load Model       Library
  ------------------------------------------------
  power_of_four_rtl  ForQA                 saed32rvt_ss0p7vn40c

  Point                                    Incr       Path
  -----------------------------------------------------------
  clock clk (rise edge)                    0.00       0.00
  clock network delay (ideal)              0.00       0.00
  x_reg_reg[1]/CLK (DFFX1_RVT)             0.00       0.00 r
  x_reg_reg[1]/Q (DFFX1_RVT)               0.71       0.71 f
  y_reg[0]/SETB (DFFSSRX1_RVT)             0.00       0.71 f
  data arrival time                                   0.71

  clock clk (rise edge)                    0.00       0.00
  clock network delay (ideal)              0.00       0.00
  clock uncertainty                        0.20       0.20
  y_reg[0]/CLK (DFFSSRX1_RVT)              0.00       0.20 r
  library hold time                       -0.26      -0.06
  data required time                                 -0.06
  -----------------------------------------------------------
  data required time                                 -0.06
  data arrival time                                  -0.71
  -----------------------------------------------------------
  slack (MET)                                         0.77


  Startpoint: x_reg_reg[1]
              (rising edge-triggered flip-flop clocked by clk)
  Endpoint: y_reg[2] (rising edge-triggered flip-flop clocked by clk)
  Path Group: clk
  Path Type: min

  Des/Clust/Port     Wire Load Model       Library
  ------------------------------------------------
  power_of_four_rtl  ForQA                 saed32rvt_ss0p7vn40c

  Point                                    Incr       Path
  -----------------------------------------------------------
  clock clk (rise edge)                    0.00       0.00
  clock network delay (ideal)              0.00       0.00
  x_reg_reg[1]/CLK (DFFX1_RVT)             0.00       0.00 r
  x_reg_reg[1]/Q (DFFX1_RVT)               0.71       0.71 f
  y_reg[2]/SETB (DFFSSRX1_RVT)             0.00       0.71 f
  data arrival time                                   0.71

  clock clk (rise edge)                    0.00       0.00
  clock network delay (ideal)              0.00       0.00
  clock uncertainty                        0.20       0.20
  y_reg[2]/CLK (DFFSSRX1_RVT)              0.00       0.20 r
  library hold time                       -0.26      -0.06
  data required time                                 -0.06
  -----------------------------------------------------------
  data required time                                 -0.06
  data arrival time                                  -0.71
  -----------------------------------------------------------
  slack (MET)                                         0.77


  Startpoint: y_reg[2] (rising edge-triggered flip-flop clocked by clk)
  Endpoint: y[2] (output port clocked by clk)
  Path Group: clk
  Path Type: min

  Des/Clust/Port     Wire Load Model       Library
  ------------------------------------------------
  power_of_four_rtl  ForQA                 saed32rvt_ss0p7vn40c

  Point                                    Incr       Path
  -----------------------------------------------------------
  clock clk (rise edge)                    0.00       0.00
  clock network delay (ideal)              0.00       0.00
  y_reg[2]/CLK (DFFSSRX1_RVT)              0.00       0.00 r
  y_reg[2]/Q (DFFSSRX1_RVT)                0.70       0.70 f
  y[2] (out)                               0.00       0.70 f
  data arrival time                                   0.70

  clock clk (rise edge)                    0.00       0.00
  clock network delay (ideal)              0.00       0.00
  clock uncertainty                        0.20       0.20
  output external delay                   -2.00      -1.80
  data required time                                 -1.80
  -----------------------------------------------------------
  data required time                                 -1.80
  data arrival time                                  -0.70
  -----------------------------------------------------------
  slack (MET)                                         2.50


  Startpoint: y_reg[0] (rising edge-triggered flip-flop clocked by clk)
  Endpoint: y[0] (output port clocked by clk)
  Path Group: clk
  Path Type: min

  Des/Clust/Port     Wire Load Model       Library
  ------------------------------------------------
  power_of_four_rtl  ForQA                 saed32rvt_ss0p7vn40c

  Point                                    Incr       Path
  -----------------------------------------------------------
  clock clk (rise edge)                    0.00       0.00
  clock network delay (ideal)              0.00       0.00
  y_reg[0]/CLK (DFFSSRX1_RVT)              0.00       0.00 r
  y_reg[0]/Q (DFFSSRX1_RVT)                0.70       0.70 f
  y[0] (out)                               0.00       0.70 f
  data arrival time                                   0.70

  clock clk (rise edge)                    0.00       0.00
  clock network delay (ideal)              0.00       0.00
  clock uncertainty                        0.20       0.20
  output external delay                   -2.00      -1.80
  data required time                                 -1.80
  -----------------------------------------------------------
  data required time                                 -1.80
  data arrival time                                  -0.70
  -----------------------------------------------------------
  slack (MET)                                         2.50


1
